05:10:22:392 [main] INFO  org.testng.internal.Utils - [Utils] MethodGroupsHelper.collectMethodsByGroup() took 0 ms.
05:10:22:408 [main] INFO  org.testng.internal.Utils - [Utils] MethodGroupsHelper.sortMethods() took 0 ms.
05:10:22:411 [main] INFO  org.testng.internal.Utils - [Utils] MethodGroupsHelper.collectMethodsByGroup() took 0 ms.
05:10:22:411 [main] INFO  org.testng.internal.Utils - [Utils] MethodGroupsHelper.sortMethods() took 0 ms.
05:10:22:412 [main] INFO  org.testng.internal.Utils - [Utils] MethodGroupsHelper.collectMethodsByGroup() took 0 ms.
05:10:22:412 [main] INFO  org.testng.internal.Utils - [Utils] MethodGroupsHelper.sortMethods() took 0 ms.
05:10:22:415 [main] INFO  org.testng.internal.Utils - [Utils] MethodGroupsHelper.collectMethodsByGroup() took 0 ms.
05:10:22:415 [main] INFO  org.testng.internal.Utils - [Utils] MethodGroupsHelper.sortMethods() took 0 ms.
05:10:22:415 [main] INFO  org.testng.internal.Utils - [Utils] MethodGroupsHelper.collectMethodsByGroup() took 0 ms.
05:10:22:416 [main] INFO  org.testng.internal.Utils - [Utils] MethodGroupsHelper.sortMethods() took 0 ms.
05:10:22:417 [main] INFO  org.testng.internal.Utils - [Utils] MethodGroupsHelper.collectMethodsByGroup() took 1 ms.
05:10:22:417 [main] INFO  org.testng.internal.Utils - [Utils] MethodGroupsHelper.sortMethods() took 0 ms.
05:10:22:419 [main] INFO  org.testng.internal.Utils - [Utils] MethodGroupsHelper.collectMethodsByGroup() took 0 ms.
05:10:22:419 [main] INFO  org.testng.internal.Utils - [Utils] MethodGroupsHelper.sortMethods() took 0 ms.
05:10:22:420 [main] INFO  org.testng.internal.Utils - [Utils] MethodGroupsHelper.collectMethodsByGroup() took 0 ms.
05:10:22:420 [main] INFO  org.testng.internal.Utils - [Utils] MethodGroupsHelper.sortMethods() took 0 ms.
05:10:22:429 [main] INFO  org.testng.internal.Utils - [TestNG] Running:
  C:\Users\DELL\AppData\Local\Temp\testng-eclipse--2083413264\testng-customsuite.xml

05:10:22:448 [main] INFO  org.testng.internal.Utils - [Utils] DynamicGraphHelper.createDynamicGraph() took 2 ms.
05:10:22:618 [main] INFO  org.testng.internal.Utils - [TestNG] Time taken by org.testng.reporters.jq.Main@f478a81: 64 ms
05:10:22:633 [main] INFO  org.testng.internal.Utils - [TestNG] Time taken by org.testng.reporters.FailedReporter@793138bd: 15 ms
05:10:22:646 [main] INFO  org.testng.internal.Utils - [TestNG] Time taken by org.testng.reporters.XMLReporter@1522d8a0: 13 ms
05:10:22:653 [main] INFO  org.testng.internal.Utils - [TestNG] Time taken by org.testng.reporters.EmailableReporter2@45905bff: 7 ms
05:10:22:662 [main] INFO  org.testng.internal.Utils - [TestNG] Time taken by org.testng.reporters.JUnitReportReporter@7c541c15: 9 ms
05:10:22:662 [main] INFO  org.testng.internal.Utils - [TestNG] Time taken by org.testng.internal.ExitCodeListener@3542162a: 0 ms
05:10:29:934 [main] INFO  org.testng.internal.Utils - [TestNG] Running:
  C:\Users\DELL\eclipse-workspace\OpenCardTesting\OpentCart.xml

05:10:34:214 [main] INFO  TestCases.TC004_Verify_ElementPage - *****Starting TC004_Verify_ElementPage....****
05:10:34:214 [main] INFO  TestCases.TC004_Verify_ElementPage - ENTERD INTO THE ElementPage....
05:10:34:235 [main] INFO  TestCases.TC004_Verify_ElementPage - MovieToElement.....
05:10:34:744 [main] INFO  TestCases.TC004_Verify_ElementPage - ClickOnElement......
05:10:43:082 [main] INFO  TestCases.TC004_Verify_ElementPage - ENTERD INTO THE monitorPage....
05:10:53:892 [main] ERROR TestCases.TC004_Verify_ElementPage - Test Is FAILED
05:10:53:892 [main] INFO  TestCases.TC004_Verify_ElementPage - ******FINISHED TC004_Verify_ElementPage.....
02:20:04:161 [main] INFO  org.testng.internal.Utils - [TestNG] Running:
  C:\Users\DELL\eclipse-workspace\OpenCardTesting\CrossBrowser.xml

02:20:10:911 [main] INFO  TestCases.TCC001_AccountRegisterPage - ****Starting TCC001_AccountRegisterPage.......****
02:20:10:931 [main] INFO  TestCases.TCC001_AccountRegisterPage - ClickOnMyAccount....
02:20:11:471 [main] INFO  TestCases.TCC001_AccountRegisterPage - ClickOnRegister....
02:20:12:049 [main] INFO  TestCases.TCC001_AccountRegisterPage - verify AccountRegistationPage....
02:20:12:783 [main] ERROR TestCases.TCC001_AccountRegisterPage - Test Is Failed
02:20:12:783 [main] INFO  TestCases.TCC001_AccountRegisterPage - *****FINISHED TCC001_AccountRegisterPage....
02:20:15:048 [main] INFO  TestCases.TC002_LoginTest - ****Starting TC002_LoginTest.....***
02:20:15:049 [main] INFO  TestCases.TC002_LoginTest - ClickOnMyAccount.....
02:20:15:675 [main] INFO  TestCases.TC002_LoginTest - ClickOnLogin......
02:20:16:053 [main] INFO  TestCases.TC002_LoginTest - Enter User Details.....
02:20:16:950 [main] INFO  TestCases.TC002_LoginTest - ****FINISHED TC002_LoginTest.....***
02:20:16:954 [main] INFO  TestCases.TC002_LoginTest - ****Starting TC002_LoginTest.....***
02:20:16:954 [main] INFO  TestCases.TC002_LoginTest - ClickOnMyAccount.....
02:20:17:052 [main] INFO  TestCases.TC002_LoginTest - ClickOnLogin......
02:20:17:367 [main] INFO  TestCases.TC002_LoginTest - Enter User Details.....
02:20:18:147 [main] INFO  TestCases.TC002_LoginTest - ****FINISHED TC002_LoginTest.....***
02:20:18:153 [main] INFO  TestCases.TC002_LoginTest - ****Starting TC002_LoginTest.....***
02:20:18:154 [main] INFO  TestCases.TC002_LoginTest - ClickOnMyAccount.....
02:20:18:265 [main] INFO  TestCases.TC002_LoginTest - ClickOnLogin......
02:20:18:577 [main] INFO  TestCases.TC002_LoginTest - Enter User Details.....
02:20:19:423 [main] INFO  TestCases.TC002_LoginTest - ****FINISHED TC002_LoginTest.....***
02:20:21:953 [main] INFO  TestCases.TC003_SearchBox_Testing - ****Starting TC003_SearchBox_Testing.....
02:20:21:958 [main] INFO  TestCases.TC003_SearchBox_Testing - SetSearchBox....
